-- The C compiler identification is GNU 13.2.0
-- The CXX compiler identification is GNU 13.2.0
-- Detecting C compiler ABI info
-- Detecting C compiler ABI info - done
-- Check for working C compiler: /usr/bin/cc - skipped
-- Detecting C compile features
-- Detecting C compile features - done
-- Detecting CXX compiler ABI info
-- Detecting CXX compiler ABI info - done
-- Check for working CXX compiler: /usr/bin/c++ - skipped
-- Detecting CXX compile features
-- Detecting CXX compile features - done
-- Found ament_cmake: 2.5.2 (/opt/ros/jazzy/share/ament_cmake/cmake)
-- Found Python3: /usr/bin/python3 (found version "3.12.3") found components: Interpreter 
-- Found rclcpp: 28.1.5 (/opt/ros/jazzy/share/rclcpp/cmake)
-- Found rosidl_generator_c: 4.6.4 (/opt/ros/jazzy/share/rosidl_generator_c/cmake)
-- Found rosidl_generator_cpp: 4.6.4 (/opt/ros/jazzy/share/rosidl_generator_cpp/cmake)
-- Using all available rosidl_typesupport_c: rosidl_typesupport_fastrtps_c;rosidl_typesupport_introspection_c
-- Using all available rosidl_typesupport_cpp: rosidl_typesupport_fastrtps_cpp;rosidl_typesupport_introspection_cpp
-- Found rmw_implementation_cmake: 7.3.1 (/opt/ros/jazzy/share/rmw_implementation_cmake/cmake)
-- Found rmw_fastrtps_cpp: 8.4.1 (/opt/ros/jazzy/share/rmw_fastrtps_cpp/cmake)
-- Found OpenSSL: /usr/lib/x86_64-linux-gnu/libcrypto.so (found version "3.0.13")  
-- Found FastRTPS: /opt/ros/jazzy/include (Required is at least version "2.13") 
-- Using RMW implementation 'rmw_fastrtps_cpp' as default
-- Found std_msgs: 5.3.5 (/opt/ros/jazzy/share/std_msgs/cmake)
-- Found cg_interfaces: 0.0.0 (/home/zoli/github/cg/install/cg_interfaces/share/cg_interfaces/cmake)
-- Configuring done (0.7s)
-- Generating done (0.0s)
-- Build files have been written to: /home/zoli/github/ponderada1/build/bolin
[ 50%] [32mBuilding CXX object CMakeFiles/main.dir/src/mapeando.cpp.o[0m
[100%] [32m[1mLinking CXX executable main[0m
[100%] Built target main
-- Install configuration: ""
-- Installing: /home/zoli/github/ponderada1/install/bolin/lib/bolin/main
-- Set non-toolchain portion of runtime path of "/home/zoli/github/ponderada1/install/bolin/lib/bolin/main" to ""
-- Installing: /home/zoli/github/ponderada1/install/bolin/share/ament_index/resource_index/package_run_dependencies/bolin
-- Installing: /home/zoli/github/ponderada1/install/bolin/share/ament_index/resource_index/parent_prefix_path/bolin
-- Installing: /home/zoli/github/ponderada1/install/bolin/share/bolin/environment/ament_prefix_path.sh
-- Installing: /home/zoli/github/ponderada1/install/bolin/share/bolin/environment/ament_prefix_path.dsv
-- Installing: /home/zoli/github/ponderada1/install/bolin/share/bolin/environment/path.sh
-- Installing: /home/zoli/github/ponderada1/install/bolin/share/bolin/environment/path.dsv
-- Installing: /home/zoli/github/ponderada1/install/bolin/share/bolin/local_setup.bash
-- Installing: /home/zoli/github/ponderada1/install/bolin/share/bolin/local_setup.sh
-- Installing: /home/zoli/github/ponderada1/install/bolin/share/bolin/local_setup.zsh
-- Installing: /home/zoli/github/ponderada1/install/bolin/share/bolin/local_setup.dsv
-- Installing: /home/zoli/github/ponderada1/install/bolin/share/bolin/package.dsv
-- Installing: /home/zoli/github/ponderada1/install/bolin/share/ament_index/resource_index/packages/bolin
-- Installing: /home/zoli/github/ponderada1/install/bolin/share/bolin/cmake/bolinConfig.cmake
-- Installing: /home/zoli/github/ponderada1/install/bolin/share/bolin/cmake/bolinConfig-version.cmake
-- Installing: /home/zoli/github/ponderada1/install/bolin/share/bolin/package.xml
