[0.054s] DEBUG:colcon:Command line arguments: ['/usr/bin/colcon', 'build']
[0.054s] DEBUG:colcon:Parsed command line arguments: Namespace(log_base=None, log_level=None, verb_name='build', build_base='build', install_base='install', merge_install=False, symlink_install=False, test_result_base=None, continue_on_error=False, executor='parallel', parallel_workers=22, event_handlers=None, ignore_user_meta=False, metas=['./colcon.meta'], base_paths=['.'], packages_ignore=None, packages_ignore_regex=None, paths=None, packages_up_to=None, packages_up_to_regex=None, packages_above=None, packages_above_and_dependencies=None, packages_above_depth=None, packages_select_by_dep=None, packages_skip_by_dep=None, packages_skip_up_to=None, packages_select_build_failed=False, packages_skip_build_finished=False, packages_select_test_failures=False, packages_skip_test_passed=False, packages_select=None, packages_skip=None, packages_select_regex=None, packages_skip_regex=None, packages_start=None, packages_end=None, allow_overriding=[], cmake_args=None, cmake_target=None, cmake_target_skip_unavailable=False, cmake_clean_cache=False, cmake_clean_first=False, cmake_force_configure=False, ament_cmake_args=None, catkin_cmake_args=None, catkin_skip_building_tests=False, verb_parser=<colcon_defaults.argument_parser.defaults.DefaultArgumentsDecorator object at 0x7e09810860f0>, verb_extension=<colcon_core.verb.build.BuildVerb object at 0x7e0981085ac0>, main=<bound method BuildVerb.main of <colcon_core.verb.build.BuildVerb object at 0x7e0981085ac0>>)
[0.075s] Level 1:colcon.colcon_core.package_discovery:discover_packages(colcon_meta) check parameters
[0.075s] Level 1:colcon.colcon_core.package_discovery:discover_packages(recursive) check parameters
[0.075s] Level 1:colcon.colcon_core.package_discovery:discover_packages(ignore) check parameters
[0.075s] Level 1:colcon.colcon_core.package_discovery:discover_packages(path) check parameters
[0.075s] Level 1:colcon.colcon_core.package_discovery:discover_packages(colcon_meta) discover
[0.075s] Level 1:colcon.colcon_core.package_discovery:discover_packages(recursive) discover
[0.075s] INFO:colcon.colcon_core.package_discovery:Crawling recursively for packages in '/home/zoli/github/ponderada1'
[0.075s] Level 1:colcon.colcon_core.package_identification:_identify(.) by extensions ['ignore', 'ignore_ament_install']
[0.075s] Level 1:colcon.colcon_core.package_identification:_identify(.) by extension 'ignore'
[0.075s] Level 1:colcon.colcon_core.package_identification:_identify(.) by extension 'ignore_ament_install'
[0.075s] Level 1:colcon.colcon_core.package_identification:_identify(.) by extensions ['colcon_pkg']
[0.075s] Level 1:colcon.colcon_core.package_identification:_identify(.) by extension 'colcon_pkg'
[0.075s] Level 1:colcon.colcon_core.package_identification:_identify(.) by extensions ['colcon_meta']
[0.075s] Level 1:colcon.colcon_core.package_identification:_identify(.) by extension 'colcon_meta'
[0.075s] Level 1:colcon.colcon_core.package_identification:_identify(.) by extensions ['ros']
[0.075s] Level 1:colcon.colcon_core.package_identification:_identify(.) by extension 'ros'
[0.090s] Level 1:colcon.colcon_core.package_identification:_identify(.) by extensions ['cmake', 'python']
[0.090s] Level 1:colcon.colcon_core.package_identification:_identify(.) by extension 'cmake'
[0.090s] Level 1:colcon.colcon_core.package_identification:_identify(.) by extension 'python'
[0.090s] Level 1:colcon.colcon_core.package_identification:_identify(.) by extensions ['python_setup_py']
[0.090s] Level 1:colcon.colcon_core.package_identification:_identify(.) by extension 'python_setup_py'
[0.090s] Level 1:colcon.colcon_core.package_identification:_identify(build) by extensions ['ignore', 'ignore_ament_install']
[0.090s] Level 1:colcon.colcon_core.package_identification:_identify(build) by extension 'ignore'
[0.090s] Level 1:colcon.colcon_core.package_identification:_identify(build) ignored
[0.090s] Level 1:colcon.colcon_core.package_identification:_identify(install) by extensions ['ignore', 'ignore_ament_install']
[0.090s] Level 1:colcon.colcon_core.package_identification:_identify(install) by extension 'ignore'
[0.090s] Level 1:colcon.colcon_core.package_identification:_identify(install) ignored
[0.090s] Level 1:colcon.colcon_core.package_identification:_identify(log) by extensions ['ignore', 'ignore_ament_install']
[0.090s] Level 1:colcon.colcon_core.package_identification:_identify(log) by extension 'ignore'
[0.090s] Level 1:colcon.colcon_core.package_identification:_identify(log) ignored
[0.090s] Level 1:colcon.colcon_core.package_identification:_identify(src) by extensions ['ignore', 'ignore_ament_install']
[0.090s] Level 1:colcon.colcon_core.package_identification:_identify(src) by extension 'ignore'
[0.090s] Level 1:colcon.colcon_core.package_identification:_identify(src) by extension 'ignore_ament_install'
[0.090s] Level 1:colcon.colcon_core.package_identification:_identify(src) by extensions ['colcon_pkg']
[0.090s] Level 1:colcon.colcon_core.package_identification:_identify(src) by extension 'colcon_pkg'
[0.090s] Level 1:colcon.colcon_core.package_identification:_identify(src) by extensions ['colcon_meta']
[0.090s] Level 1:colcon.colcon_core.package_identification:_identify(src) by extension 'colcon_meta'
[0.090s] Level 1:colcon.colcon_core.package_identification:_identify(src) by extensions ['ros']
[0.090s] Level 1:colcon.colcon_core.package_identification:_identify(src) by extension 'ros'
[0.090s] Level 1:colcon.colcon_core.package_identification:_identify(src) by extensions ['cmake', 'python']
[0.090s] Level 1:colcon.colcon_core.package_identification:_identify(src) by extension 'cmake'
[0.090s] Level 1:colcon.colcon_core.package_identification:_identify(src) by extension 'python'
[0.090s] Level 1:colcon.colcon_core.package_identification:_identify(src) by extensions ['python_setup_py']
[0.090s] Level 1:colcon.colcon_core.package_identification:_identify(src) by extension 'python_setup_py'
[0.090s] Level 1:colcon.colcon_core.package_identification:_identify(src/bolin) by extensions ['ignore', 'ignore_ament_install']
[0.091s] Level 1:colcon.colcon_core.package_identification:_identify(src/bolin) by extension 'ignore'
[0.091s] Level 1:colcon.colcon_core.package_identification:_identify(src/bolin) by extension 'ignore_ament_install'
[0.091s] Level 1:colcon.colcon_core.package_identification:_identify(src/bolin) by extensions ['colcon_pkg']
[0.091s] Level 1:colcon.colcon_core.package_identification:_identify(src/bolin) by extension 'colcon_pkg'
[0.091s] Level 1:colcon.colcon_core.package_identification:_identify(src/bolin) by extensions ['colcon_meta']
[0.091s] Level 1:colcon.colcon_core.package_identification:_identify(src/bolin) by extension 'colcon_meta'
[0.091s] Level 1:colcon.colcon_core.package_identification:_identify(src/bolin) by extensions ['ros']
[0.091s] Level 1:colcon.colcon_core.package_identification:_identify(src/bolin) by extension 'ros'
[0.092s] DEBUG:colcon.colcon_core.package_identification:Package 'src/bolin' with type 'ros.ament_cmake' and name 'bolin'
[0.093s] Level 1:colcon.colcon_core.package_discovery:discover_packages(recursive) using defaults
[0.093s] Level 1:colcon.colcon_core.package_discovery:discover_packages(ignore) discover
[0.093s] Level 1:colcon.colcon_core.package_discovery:discover_packages(ignore) using defaults
[0.093s] Level 1:colcon.colcon_core.package_discovery:discover_packages(path) discover
[0.093s] Level 1:colcon.colcon_core.package_discovery:discover_packages(path) using defaults
[0.102s] Level 1:colcon.colcon_core.package_discovery:discover_packages(prefix_path) check parameters
[0.102s] Level 1:colcon.colcon_core.package_discovery:discover_packages(prefix_path) discover
[0.103s] DEBUG:colcon.colcon_installed_package_information.package_discovery:Found 2 installed packages in /home/zoli/github/cg/install
[0.104s] DEBUG:colcon.colcon_installed_package_information.package_discovery:Found 1 installed packages in /home/zoli/github/ponderada1/install
[0.104s] DEBUG:colcon.colcon_installed_package_information.package_discovery:Found 285 installed packages in /opt/ros/jazzy
[0.105s] Level 1:colcon.colcon_core.package_discovery:discover_packages(prefix_path) using defaults
[0.128s] Level 5:colcon.colcon_core.verb:set package 'bolin' build argument 'cmake_args' from command line to 'None'
[0.128s] Level 5:colcon.colcon_core.verb:set package 'bolin' build argument 'cmake_target' from command line to 'None'
[0.128s] Level 5:colcon.colcon_core.verb:set package 'bolin' build argument 'cmake_target_skip_unavailable' from command line to 'False'
[0.128s] Level 5:colcon.colcon_core.verb:set package 'bolin' build argument 'cmake_clean_cache' from command line to 'False'
[0.128s] Level 5:colcon.colcon_core.verb:set package 'bolin' build argument 'cmake_clean_first' from command line to 'False'
[0.128s] Level 5:colcon.colcon_core.verb:set package 'bolin' build argument 'cmake_force_configure' from command line to 'False'
[0.128s] Level 5:colcon.colcon_core.verb:set package 'bolin' build argument 'ament_cmake_args' from command line to 'None'
[0.128s] Level 5:colcon.colcon_core.verb:set package 'bolin' build argument 'catkin_cmake_args' from command line to 'None'
[0.128s] Level 5:colcon.colcon_core.verb:set package 'bolin' build argument 'catkin_skip_building_tests' from command line to 'False'
[0.128s] DEBUG:colcon.colcon_core.verb:Building package 'bolin' with the following arguments: {'ament_cmake_args': None, 'build_base': '/home/zoli/github/ponderada1/build/bolin', 'catkin_cmake_args': None, 'catkin_skip_building_tests': False, 'cmake_args': None, 'cmake_clean_cache': False, 'cmake_clean_first': False, 'cmake_force_configure': False, 'cmake_target': None, 'cmake_target_skip_unavailable': False, 'install_base': '/home/zoli/github/ponderada1/install/bolin', 'merge_install': False, 'path': '/home/zoli/github/ponderada1/src/bolin', 'symlink_install': False, 'test_result_base': None}
[0.129s] INFO:colcon.colcon_core.executor:Executing jobs using 'parallel' executor
[0.129s] DEBUG:colcon.colcon_parallel_executor.executor.parallel:run_until_complete
[0.129s] INFO:colcon.colcon_ros.task.ament_cmake.build:Building ROS package in '/home/zoli/github/ponderada1/src/bolin' with build type 'ament_cmake'
[0.129s] INFO:colcon.colcon_cmake.task.cmake.build:Building CMake package in '/home/zoli/github/ponderada1/src/bolin'
[0.130s] INFO:colcon.colcon_core.plugin_system:Skipping extension 'colcon_core.shell.bat': Not used on non-Windows systems
[0.130s] INFO:colcon.colcon_core.shell:Skip shell extension 'powershell' for command environment: Not usable outside of PowerShell
[0.130s] DEBUG:colcon.colcon_core.shell:Skip shell extension 'dsv' for command environment
[0.135s] DEBUG:colcon.colcon_core.event_handler.log_command:Invoking command in '/home/zoli/github/ponderada1/build/bolin': CMAKE_PREFIX_PATH=${CMAKE_PREFIX_PATH}:/home/zoli/github/cg/install/cg:/opt/ros/jazzy /usr/bin/cmake --build /home/zoli/github/ponderada1/build/bolin -- -j22 -l22
[0.611s] DEBUG:colcon.colcon_core.event_handler.log_command:Invoked command in '/home/zoli/github/ponderada1/build/bolin' returned '2': CMAKE_PREFIX_PATH=${CMAKE_PREFIX_PATH}:/home/zoli/github/cg/install/cg:/opt/ros/jazzy /usr/bin/cmake --build /home/zoli/github/ponderada1/build/bolin -- -j22 -l22
[0.628s] Level 1:colcon.colcon_core.environment:create_environment_scripts_only(bolin)
[0.629s] Level 1:colcon.colcon_core.environment:checking '/home/zoli/github/ponderada1/install/bolin' for CMake module files
[0.630s] Level 1:colcon.colcon_core.environment:checking '/home/zoli/github/ponderada1/install/bolin' for CMake config files
[0.630s] Level 1:colcon.colcon_core.shell:create_environment_hook('bolin', 'cmake_prefix_path')
[0.630s] INFO:colcon.colcon_core.shell:Creating environment hook '/home/zoli/github/ponderada1/install/bolin/share/bolin/hook/cmake_prefix_path.ps1'
[0.630s] INFO:colcon.colcon_core.shell:Creating environment descriptor '/home/zoli/github/ponderada1/install/bolin/share/bolin/hook/cmake_prefix_path.dsv'
[0.631s] INFO:colcon.colcon_core.shell:Creating environment hook '/home/zoli/github/ponderada1/install/bolin/share/bolin/hook/cmake_prefix_path.sh'
[0.631s] Level 1:colcon.colcon_core.environment:checking '/home/zoli/github/ponderada1/install/bolin/lib'
[0.631s] Level 1:colcon.colcon_core.environment:checking '/home/zoli/github/ponderada1/install/bolin/bin'
[0.631s] Level 1:colcon.colcon_core.environment:checking '/home/zoli/github/ponderada1/install/bolin/lib/pkgconfig/bolin.pc'
[0.631s] Level 1:colcon.colcon_core.environment:checking '/home/zoli/github/ponderada1/install/bolin/lib/python3.12/site-packages'
[0.631s] Level 1:colcon.colcon_core.environment:checking '/home/zoli/github/ponderada1/install/bolin/bin'
[0.631s] INFO:colcon.colcon_core.shell:Creating package script '/home/zoli/github/ponderada1/install/bolin/share/bolin/package.ps1'
[0.632s] INFO:colcon.colcon_core.shell:Creating package descriptor '/home/zoli/github/ponderada1/install/bolin/share/bolin/package.dsv'
[0.632s] INFO:colcon.colcon_core.shell:Creating package script '/home/zoli/github/ponderada1/install/bolin/share/bolin/package.sh'
[0.632s] INFO:colcon.colcon_core.shell:Creating package script '/home/zoli/github/ponderada1/install/bolin/share/bolin/package.bash'
[0.633s] INFO:colcon.colcon_core.shell:Creating package script '/home/zoli/github/ponderada1/install/bolin/share/bolin/package.zsh'
[0.633s] Level 1:colcon.colcon_core.environment:create_file_with_runtime_dependencies(/home/zoli/github/ponderada1/install/bolin/share/colcon-core/packages/bolin)
[0.643s] DEBUG:colcon.colcon_parallel_executor.executor.parallel:closing loop
[0.643s] DEBUG:colcon.colcon_parallel_executor.executor.parallel:loop closed
[0.643s] DEBUG:colcon.colcon_parallel_executor.executor.parallel:run_until_complete finished with '2'
[0.643s] DEBUG:colcon.colcon_core.event_reactor:joining thread
[0.646s] INFO:colcon.colcon_core.plugin_system:Skipping extension 'colcon_notification.desktop_notification.terminal_notifier': Not used on non-Darwin systems
[0.646s] INFO:colcon.colcon_core.plugin_system:Skipping extension 'colcon_notification.desktop_notification.win32': Not used on non-Windows systems
[0.646s] INFO:colcon.colcon_notification.desktop_notification:Sending desktop notification using 'notify2'
[0.654s] DEBUG:colcon.colcon_core.event_reactor:joined thread
[0.654s] INFO:colcon.colcon_core.shell:Creating prefix script '/home/zoli/github/ponderada1/install/local_setup.ps1'
[0.655s] INFO:colcon.colcon_core.shell:Creating prefix util module '/home/zoli/github/ponderada1/install/_local_setup_util_ps1.py'
[0.655s] INFO:colcon.colcon_core.shell:Creating prefix chain script '/home/zoli/github/ponderada1/install/setup.ps1'
[0.656s] INFO:colcon.colcon_core.shell:Creating prefix script '/home/zoli/github/ponderada1/install/local_setup.sh'
[0.656s] INFO:colcon.colcon_core.shell:Creating prefix util module '/home/zoli/github/ponderada1/install/_local_setup_util_sh.py'
[0.656s] INFO:colcon.colcon_core.shell:Creating prefix chain script '/home/zoli/github/ponderada1/install/setup.sh'
[0.657s] INFO:colcon.colcon_core.shell:Creating prefix script '/home/zoli/github/ponderada1/install/local_setup.bash'
[0.657s] INFO:colcon.colcon_core.shell:Creating prefix chain script '/home/zoli/github/ponderada1/install/setup.bash'
[0.657s] INFO:colcon.colcon_core.shell:Creating prefix script '/home/zoli/github/ponderada1/install/local_setup.zsh'
[0.657s] INFO:colcon.colcon_core.shell:Creating prefix chain script '/home/zoli/github/ponderada1/install/setup.zsh'
