[ 50%] [32mBuilding CXX object CMakeFiles/main.dir/src/reactive_nav.cpp.o[0m
[100%] [32m[1mLinking CXX executable main[0m
[100%] Built target main
-- Install configuration: ""
-- Installing: /home/zoli/github/ponderada1/install/bolin/lib/bolin/main
-- Set non-toolchain portion of runtime path of "/home/zoli/github/ponderada1/install/bolin/lib/bolin/main" to ""
-- Up-to-date: /home/zoli/github/ponderada1/install/bolin/share/ament_index/resource_index/package_run_dependencies/bolin
-- Installing: /home/zoli/github/ponderada1/install/bolin/share/ament_index/resource_index/parent_prefix_path/bolin
-- Up-to-date: /home/zoli/github/ponderada1/install/bolin/share/bolin/environment/ament_prefix_path.sh
-- Up-to-date: /home/zoli/github/ponderada1/install/bolin/share/bolin/environment/ament_prefix_path.dsv
-- Up-to-date: /home/zoli/github/ponderada1/install/bolin/share/bolin/environment/path.sh
-- Up-to-date: /home/zoli/github/ponderada1/install/bolin/share/bolin/environment/path.dsv
-- Up-to-date: /home/zoli/github/ponderada1/install/bolin/share/bolin/local_setup.bash
-- Up-to-date: /home/zoli/github/ponderada1/install/bolin/share/bolin/local_setup.sh
-- Up-to-date: /home/zoli/github/ponderada1/install/bolin/share/bolin/local_setup.zsh
-- Up-to-date: /home/zoli/github/ponderada1/install/bolin/share/bolin/local_setup.dsv
-- Installing: /home/zoli/github/ponderada1/install/bolin/share/bolin/package.dsv
-- Up-to-date: /home/zoli/github/ponderada1/install/bolin/share/ament_index/resource_index/packages/bolin
-- Up-to-date: /home/zoli/github/ponderada1/install/bolin/share/bolin/cmake/bolinConfig.cmake
-- Up-to-date: /home/zoli/github/ponderada1/install/bolin/share/bolin/cmake/bolinConfig-version.cmake
-- Up-to-date: /home/zoli/github/ponderada1/install/bolin/share/bolin/package.xml
